# JRE version: Java(TM) SE Runtime Environment (8.0_51-b16) (build 1.8.0_51-b16)
# Java VM: Java HotSpot(TM) 64-Bit Server VM (25.51-b03 mixed mode windows-amd64 compressed oops)
Heap:
 garbage-first heap   total 2949120K, used 1499136K [0x00000006c3000000, 0x00000006c40005a0, 0x00000007c0000000)
  region size 16384K, 32 young (524288K), 7 survivors (114688K)
 Metaspace       used 239872K, capacity 247291K, committed 247496K, reserved 1253376K
  class space    used 41671K, capacity 44197K, committed 44232K, reserved 1048576K
GC Heap History (10 events):
Event: 177.426 GC heap before
{Heap before GC invocations=155 (full 0):
 garbage-first heap   total 2949120K, used 1959601K [0x00000006c3000000, 0x00000006c40005a0, 0x00000007c0000000)
  region size 16384K, 61 young (999424K), 5 survivors (81920K)
 Metaspace       used 223945K, capacity 230493K, committed 230856K, reserved 1239040K
  class space    used 38807K, capacity 41042K, committed 41160K, reserved 1048576K
Event: 177.461 GC heap after
Heap after GC invocations=156 (full 0):
 garbage-first heap   total 2949120K, used 1054924K [0x00000006c3000000, 0x00000006c40005a0, 0x00000007c0000000)
  region size 16384K, 5 young (81920K), 5 survivors (81920K)
 Metaspace       used 223945K, capacity 230493K, committed 230856K, reserved 1239040K
  class space    used 38807K, capacity 41042K, committed 41160K, reserved 1048576K
}
Event: 179.947 GC heap before
{Heap before GC invocations=156 (full 0):
 garbage-first heap   total 2949120K, used 2119884K [0x00000006c3000000, 0x00000006c40005a0, 0x00000007c0000000)
  region size 16384K, 70 young (1146880K), 5 survivors (81920K)
 Metaspace       used 228104K, capacity 234683K, committed 234824K, reserved 1243136K
  class space    used 39550K, capacity 41791K, committed 41800K, reserved 1048576K
Event: 179.984 GC heap after
Heap after GC invocations=157 (full 0):
 garbage-first heap   total 2949120K, used 1066911K [0x00000006c3000000, 0x00000006c40005a0, 0x00000007c0000000)
  region size 16384K, 5 young (81920K), 5 survivors (81920K)
 Metaspace       used 228104K, capacity 234683K, committed 234824K, reserved 1243136K
  class space    used 39550K, capacity 41791K, committed 41800K, reserved 1048576K
}
Event: 183.594 GC heap before
{Heap before GC invocations=157 (full 0):
 garbage-first heap   total 2949120K, used 2262943K [0x00000006c3000000, 0x00000006c40005a0, 0x00000007c0000000)
  region size 16384K, 78 young (1277952K), 5 survivors (81920K)
 Metaspace       used 233820K, capacity 240653K, committed 240968K, reserved 1247232K
  class space    used 40644K, capacity 43038K, committed 43080K, reserved 1048576K
Event: 183.644 GC heap after
Heap after GC invocations=158 (full 0):
 garbage-first heap   total 2949120K, used 1114614K [0x00000006c3000000, 0x00000006c40005a0, 0x00000007c0000000)
  region size 16384K, 8 young (131072K), 8 survivors (131072K)
 Metaspace       used 233820K, capacity 240653K, committed 240968K, reserved 1247232K
  class space    used 40644K, capacity 43038K, committed 43080K, reserved 1048576K
}
Event: 186.840 GC heap before
{Heap before GC invocations=158 (full 0):
 garbage-first heap   total 2949120K, used 2130422K [0x00000006c3000000, 0x00000006c40005a0, 0x00000007c0000000)
  region size 16384K, 70 young (1146880K), 8 survivors (131072K)
 Metaspace       used 238191K, capacity 245309K, committed 245448K, reserved 1251328K
  class space    used 41370K, capacity 43878K, committed 43976K, reserved 1048576K
Event: 186.896 GC heap after
Heap after GC invocations=159 (full 0):
 garbage-first heap   total 2949120K, used 1092868K [0x00000006c3000000, 0x00000006c40005a0, 0x00000007c0000000)
  region size 16384K, 6 young (98304K), 6 survivors (98304K)
 Metaspace       used 238191K, capacity 245309K, committed 245448K, reserved 1251328K
  class space    used 41370K, capacity 43878K, committed 43976K, reserved 1048576K
}
Event: 187.665 GC heap before
{Heap before GC invocations=159 (full 0):
 garbage-first heap   total 2949120K, used 1436932K [0x00000006c3000000, 0x00000006c40005a0, 0x00000007c0000000)
  region size 16384K, 18 young (294912K), 6 survivors (98304K)
 Metaspace       used 238976K, capacity 246315K, committed 246344K, reserved 1251328K
  class space    used 41539K, capacity 44087K, committed 44104K, reserved 1048576K
Event: 187.723 GC heap after
Heap after GC invocations=160 (full 0):
 garbage-first heap   total 2949120K, used 1102013K [0x00000006c3000000, 0x00000006c40005a0, 0x00000007c0000000)
  region size 16384K, 7 young (114688K), 7 survivors (114688K)
 Metaspace       used 238976K, capacity 246315K, committed 246344K, reserved 1251328K
  class space    used 41539K, capacity 44087K, committed 44104K, reserved 1048576K
}

