# JRE version: Java(TM) SE Runtime Environment (8.0_51-b16) (build 1.8.0_51-b16)
# Java VM: Java HotSpot(TM) 64-Bit Server VM (25.51-b03 mixed mode windows-amd64 compressed oops)
Heap:
 garbage-first heap   total 3031040K, used 1355165K [0x00000006c3000000, 0x00000006c40005c8, 0x00000007c0000000)
  region size 16384K, 23 young (376832K), 7 survivors (114688K)
 Metaspace       used 237960K, capacity 245237K, committed 245424K, reserved 1251328K
  class space    used 41390K, capacity 43902K, committed 43952K, reserved 1048576K
GC Heap History (10 events):
Event: 204.758 GC heap before
{Heap before GC invocations=226 (full 0):
 garbage-first heap   total 3031040K, used 1848673K [0x00000006c3000000, 0x00000006c40005c8, 0x00000007c0000000)
  region size 16384K, 57 young (933888K), 5 survivors (81920K)
 Metaspace       used 221290K, capacity 227731K, committed 228016K, reserved 1236992K
  class space    used 38361K, capacity 40585K, committed 40624K, reserved 1048576K
Event: 204.795 GC heap after
Heap after GC invocations=227 (full 0):
 garbage-first heap   total 3031040K, used 998343K [0x00000006c3000000, 0x00000006c40005c8, 0x00000007c0000000)
  region size 16384K, 4 young (65536K), 4 survivors (65536K)
 Metaspace       used 221290K, capacity 227731K, committed 228016K, reserved 1236992K
  class space    used 38361K, capacity 40585K, committed 40624K, reserved 1048576K
}
Event: 208.072 GC heap before
{Heap before GC invocations=227 (full 0):
 garbage-first heap   total 3031040K, used 2259911K [0x00000006c3000000, 0x00000006c40005c8, 0x00000007c0000000)
  region size 16384K, 81 young (1327104K), 4 survivors (65536K)
 Metaspace       used 226958K, capacity 233473K, committed 233520K, reserved 1241088K
  class space    used 39484K, capacity 41750K, committed 41776K, reserved 1048576K
Event: 208.118 GC heap after
Heap after GC invocations=228 (full 0):
 garbage-first heap   total 3031040K, used 1031896K [0x00000006c3000000, 0x00000006c40005c8, 0x00000007c0000000)
  region size 16384K, 6 young (98304K), 6 survivors (98304K)
 Metaspace       used 226958K, capacity 233473K, committed 233520K, reserved 1241088K
  class space    used 39484K, capacity 41750K, committed 41776K, reserved 1048576K
}
Event: 210.718 GC heap before
{Heap before GC invocations=228 (full 0):
 garbage-first heap   total 3031040K, used 1818328K [0x00000006c3000000, 0x00000006c40005c8, 0x00000007c0000000)
  region size 16384K, 54 young (884736K), 6 survivors (98304K)
 Metaspace       used 230865K, capacity 237565K, committed 237872K, reserved 1245184K
  class space    used 40233K, capacity 42528K, committed 42544K, reserved 1048576K
Event: 210.769 GC heap after
Heap after GC invocations=229 (full 0):
 garbage-first heap   total 3031040K, used 1038045K [0x00000006c3000000, 0x00000006c40005c8, 0x00000007c0000000)
  region size 16384K, 6 young (98304K), 6 survivors (98304K)
 Metaspace       used 230865K, capacity 237565K, committed 237872K, reserved 1245184K
  class space    used 40233K, capacity 42528K, committed 42544K, reserved 1048576K
}
Event: 213.644 GC heap before
{Heap before GC invocations=229 (full 0):
 garbage-first heap   total 3031040K, used 1791709K [0x00000006c3000000, 0x00000006c40005c8, 0x00000007c0000000)
  region size 16384K, 52 young (851968K), 6 survivors (98304K)
 Metaspace       used 234420K, capacity 241339K, committed 241456K, reserved 1247232K
  class space    used 40795K, capacity 43235K, committed 43312K, reserved 1048576K
Event: 213.695 GC heap after
Heap after GC invocations=230 (full 0):
 garbage-first heap   total 3031040K, used 1044015K [0x00000006c3000000, 0x00000006c40005c8, 0x00000007c0000000)
  region size 16384K, 6 young (98304K), 6 survivors (98304K)
 Metaspace       used 234420K, capacity 241339K, committed 241456K, reserved 1247232K
  class space    used 40795K, capacity 43235K, committed 43312K, reserved 1048576K
}
Event: 217.394 GC heap before
{Heap before GC invocations=230 (full 0):
 garbage-first heap   total 3031040K, used 1977903K [0x00000006c3000000, 0x00000006c40005c8, 0x00000007c0000000)
  region size 16384K, 52 young (851968K), 6 survivors (98304K)
 Metaspace       used 237423K, capacity 244719K, committed 244912K, reserved 1251328K
  class space    used 41337K, capacity 43863K, committed 43952K, reserved 1048576K
Event: 217.459 GC heap after
Heap after GC invocations=231 (full 0):
 garbage-first heap   total 3031040K, used 1076637K [0x00000006c3000000, 0x00000006c40005c8, 0x00000007c0000000)
  region size 16384K, 7 young (114688K), 7 survivors (114688K)
 Metaspace       used 237423K, capacity 244719K, committed 244912K, reserved 1251328K
  class space    used 41337K, capacity 43863K, committed 43952K, reserved 1048576K
}

