# JRE version: Java(TM) SE Runtime Environment (8.0_51-b16) (build 1.8.0_51-b16)
# Java VM: Java HotSpot(TM) 64-Bit Server VM (25.51-b03 mixed mode windows-amd64 compressed oops)
Heap:
 garbage-first heap   total 2965504K, used 1335749K [0x00000006c3000000, 0x00000006c40005a8, 0x00000007c0000000)
  region size 16384K, 19 young (311296K), 5 survivors (81920K)
 Metaspace       used 240072K, capacity 247475K, committed 247856K, reserved 1253376K
  class space    used 41685K, capacity 44235K, committed 44336K, reserved 1048576K
GC Heap History (10 events):
Event: 192.115 GC heap before
{Heap before GC invocations=217 (full 0):
 garbage-first heap   total 2965504K, used 2182877K [0x00000006c3000000, 0x00000006c40005a8, 0x00000007c0000000)
  region size 16384K, 76 young (1245184K), 4 survivors (65536K)
 Metaspace       used 227399K, capacity 234073K, committed 234288K, reserved 1241088K
  class space    used 39477K, capacity 41758K, committed 41776K, reserved 1048576K
Event: 192.158 GC heap after
Heap after GC invocations=218 (full 0):
 garbage-first heap   total 2965504K, used 1033705K [0x00000006c3000000, 0x00000006c40005a8, 0x00000007c0000000)
  region size 16384K, 6 young (98304K), 6 survivors (98304K)
 Metaspace       used 227399K, capacity 234073K, committed 234288K, reserved 1241088K
  class space    used 39477K, capacity 41758K, committed 41776K, reserved 1048576K
}
Event: 194.250 GC heap before
{Heap before GC invocations=218 (full 0):
 garbage-first heap   total 2965504K, used 1852905K [0x00000006c3000000, 0x00000006c40005a8, 0x00000007c0000000)
  region size 16384K, 56 young (917504K), 6 survivors (98304K)
 Metaspace       used 231028K, capacity 237831K, committed 237872K, reserved 1245184K
  class space    used 40196K, capacity 42521K, committed 42544K, reserved 1048576K
Event: 194.297 GC heap after
Heap after GC invocations=219 (full 0):
 garbage-first heap   total 2965504K, used 1038653K [0x00000006c3000000, 0x00000006c40005a8, 0x00000007c0000000)
  region size 16384K, 6 young (98304K), 6 survivors (98304K)
 Metaspace       used 231028K, capacity 237831K, committed 237872K, reserved 1245184K
  class space    used 40196K, capacity 42521K, committed 42544K, reserved 1048576K
}
Event: 196.975 GC heap before
{Heap before GC invocations=219 (full 0):
 garbage-first heap   total 2965504K, used 1907005K [0x00000006c3000000, 0x00000006c40005a8, 0x00000007c0000000)
  region size 16384K, 59 young (966656K), 6 survivors (98304K)
 Metaspace       used 234776K, capacity 241607K, committed 241712K, reserved 1247232K
  class space    used 40832K, capacity 43233K, committed 43312K, reserved 1048576K
Event: 197.027 GC heap after
Heap after GC invocations=220 (full 0):
 garbage-first heap   total 2965504K, used 1048935K [0x00000006c3000000, 0x00000006c40005a8, 0x00000007c0000000)
  region size 16384K, 7 young (114688K), 7 survivors (114688K)
 Metaspace       used 234776K, capacity 241607K, committed 241712K, reserved 1247232K
  class space    used 40832K, capacity 43233K, committed 43312K, reserved 1048576K
}
Event: 199.029 GC heap before
{Heap before GC invocations=220 (full 0):
 garbage-first heap   total 2965504K, used 1671527K [0x00000006c3000000, 0x00000006c40005a8, 0x00000007c0000000)
  region size 16384K, 45 young (737280K), 7 survivors (114688K)
 Metaspace       used 237519K, capacity 244563K, committed 244784K, reserved 1251328K
  class space    used 41267K, capacity 43737K, committed 43824K, reserved 1048576K
Event: 199.082 GC heap after
Heap after GC invocations=221 (full 0):
 garbage-first heap   total 2965504K, used 1058148K [0x00000006c3000000, 0x00000006c40005a8, 0x00000007c0000000)
  region size 16384K, 6 young (98304K), 6 survivors (98304K)
 Metaspace       used 237519K, capacity 244563K, committed 244784K, reserved 1251328K
  class space    used 41267K, capacity 43737K, committed 43824K, reserved 1048576K
}
Event: 201.739 GC heap before
{Heap before GC invocations=221 (full 0):
 garbage-first heap   total 2965504K, used 1713509K [0x00000006c3000000, 0x00000006c40005a8, 0x00000007c0000000)
  region size 16384K, 36 young (589824K), 6 survivors (98304K)
 Metaspace       used 239595K, capacity 247085K, committed 247216K, reserved 1253376K
  class space    used 41636K, capacity 44196K, committed 44208K, reserved 1048576K
Event: 201.790 GC heap after
Heap after GC invocations=222 (full 0):
 garbage-first heap   total 2965504K, used 1089989K [0x00000006c3000000, 0x00000006c40005a8, 0x00000007c0000000)
  region size 16384K, 5 young (81920K), 5 survivors (81920K)
 Metaspace       used 239595K, capacity 247085K, committed 247216K, reserved 1253376K
  class space    used 41636K, capacity 44196K, committed 44208K, reserved 1048576K
}

